<?xml version="1.0" encoding="UTF-8"?>
<!-- Generated by org.testng.reporters.JUnitReportReporter -->
<testsuite skipped="1" hostname="HP" name="FirstPackage.LoginTest" tests="5" failures="0" timestamp="2022-03-16T18:32:01 IST" time="0.015" errors="0">
  <testcase name="TC5" time="0.015" classname="FirstPackage.LoginTest"/>
  <system-out/>
  <testcase name="TC2" time="0.000" classname="FirstPackage.LoginTest"/>
  <system-out/>
  <testcase name="TC1" time="0.000" classname="FirstPackage.LoginTest"/>
  <system-out/>
  <testcase name="TC4" time="0.000" classname="FirstPackage.LoginTest"/>
  <system-out/>
  <testcase name="TC6" classname="FirstPackage.LoginTest">
    <skipped/>
  </testcase> <!-- TC6 -->
  <system-out/>
</testsuite> <!-- FirstPackage.LoginTest -->
