<?xml version="1.0" encoding="UTF-8"?>
<!-- Generated by org.testng.reporters.JUnitReportReporter -->
<testsuite skipped="0" hostname="HP" name="FirstPackage.NewTest" tests="3" failures="0" timestamp="2022-03-15T18:08:07 IST" time="0.047" errors="0">
  <testcase name="f" time="0.016" classname="FirstPackage.NewTest"/>
  <system-out/>
  <testcase name="TC2" time="0.016" classname="FirstPackage.NewTest"/>
  <system-out/>
  <testcase name="TC1" time="0.015" classname="FirstPackage.NewTest"/>
  <system-out/>
</testsuite> <!-- FirstPackage.NewTest -->
