<?xml version="1.0" encoding="UTF-8"?>
<!-- Generated by org.testng.reporters.JUnitReportReporter -->
<testsuite skipped="0" hostname="HP" name="FirstPackage.HomePage" tests="1" failures="0" timestamp="2022-03-15T18:08:07 IST" time="0.015" errors="0">
  <testcase name="TC1" time="0.015" classname="FirstPackage.HomePage"/>
  <system-out/>
</testsuite> <!-- FirstPackage.HomePage -->
