<?xml version="1.0" encoding="UTF-8"?>
<!-- Generated by org.testng.reporters.JUnitReportReporter -->
<testsuite skipped="0" hostname="HP" name="FirstPackage.NewTest1" tests="1" failures="0" timestamp="2022-03-15T17:16:10 IST" time="0.000" errors="0">
  <testcase name="f" time="0.000" classname="FirstPackage.NewTest1"/>
  <system-out/>
</testsuite> <!-- FirstPackage.NewTest1 -->
