<?xml version="1.0" encoding="UTF-8"?>
<!-- Generated by org.testng.reporters.JUnitReportReporter -->
<testsuite skipped="1" hostname="HP" name="com.abc.OrangeHRMS.Test.LoginPageTest" tests="3" failures="0" timestamp="2022-03-26T14:46:51 IST" time="8.570" errors="0">
  <testcase name="TC2" time="3.053" classname="com.abc.OrangeHRMS.Test.LoginPageTest"/>
  <system-out/>
  <testcase name="TC1" time="5.517" classname="com.abc.OrangeHRMS.Test.LoginPageTest"/>
  <system-out/>
  <testcase name="TC3" classname="com.abc.OrangeHRMS.Test.LoginPageTest">
    <skipped/>
  </testcase> <!-- TC3 -->
  <system-out/>
</testsuite> <!-- com.abc.OrangeHRMS.Test.LoginPageTest -->
